2022-10-12 03:01:00.389 | DEBUG    | hcaptcha_challenger._solutions.kernel:_request_asset:307 - Downloading objects.yaml from https://raw.githubusercontent.com/QIN2DIM/hcaptcha-challenger/main/src/objects.yaml
2022-10-12 03:01:00.568 | DEBUG    | hcaptcha_challenger._solutions.kernel:request_assets:133 - Pulling AssetsObject from https://api.github.com/repos/qin2dim/hcaptcha-challenger/releases
2022-10-12 03:01:00.852 | DEBUG    | hcaptcha_challenger._solutions.kernel:_request_asset:307 - Downloading yolov6n.onnx from https://github.com/QIN2DIM/hcaptcha-challenger/releases/download/model/yolov6n.onnx
2022-10-12 03:01:02.753 | INFO     | services.deploy:job_loop_claim:126 - >> STARTUP [AwesomeScheduler] SynergyTunnel Pattern: True
2022-10-12 03:01:02.806 | SUCCESS  | services.bricklayer.core:refresh_ctx_cookies:1221 - >> MATCH [__Context__] ðŸŽ® å¯åŠ¨æŒ‘æˆ˜è€…ä¸Šä¸‹æ–‡ - ctx_session=False
2022-10-12 03:01:03.502 | INFO     | services.utils.toolbox:get_challenge_ctx:127 - Please use `xvfb` to empower the headful Chrome.
2022-10-12 03:01:03.502 | INFO     | services.utils.toolbox:get_challenge_ctx:128 - CMD: xvfb-run python3 main.py claim
2022-10-12 03:01:32.095 | DEBUG    | services.bricklayer.core:login:909 - >> MATCH [CookieManager] å®žä½“ä¿¡æ¯æ³¨å…¥å®Œæ¯•
2022-10-12 03:01:32.183 | DEBUG    | services.bricklayer.core:fall_in_captcha_login:63 - >> ARMOR [ArmorUtils] æ­£åœ¨æ£€æµ‹éšè—åœ¨ç™»å½•ç•Œé¢çš„äººæœºæŒ‘æˆ˜...
2022-10-12 03:01:34.365 | DEBUG    | hcaptcha_challenger.core:log:321 - >> Challenge [ArmorCaptcha] Get label - label=ã€Œæµ·é¾Ÿã€
2022-10-12 03:01:35.168 | DEBUG    | hcaptcha_challenger.core:log:321 - >> Challenge [ArmorCaptcha] Download challenge images - timeit=0.22s
2022-10-12 03:01:35.170 | DEBUG    | hcaptcha_challenger._solutions.kernel:_request_asset:307 - Downloading turtle.onnx from https://github.com/QIN2DIM/hcaptcha-challenger/releases/download/model/turtle.onnx
2022-10-12 03:01:37.044 | DEBUG    | hcaptcha_challenger.core:log:321 - >> Challenge [ArmorCaptcha] Submit the challenge - turtle(ResNet)_model: 0.43s
2022-10-12 03:01:41.156 | DEBUG    | hcaptcha_challenger.core:log:321 - >> Challenge [ArmorCaptcha] èŽ·å–å“åº” - desc=ç»§ç»­æŒ‘æˆ˜(continue)
2022-10-12 03:01:41.193 | DEBUG    | hcaptcha_challenger.core:log:321 - >> Challenge [ArmorCaptcha] Get label - label=ã€Œæµ·é¾Ÿã€
2022-10-12 03:01:42.233 | DEBUG    | hcaptcha_challenger.core:log:321 - >> Challenge [ArmorCaptcha] Download challenge images - timeit=0.48s
2022-10-12 03:01:42.980 | DEBUG    | hcaptcha_challenger.core:log:321 - >> Challenge [ArmorCaptcha] Submit the challenge - turtle(ResNet)_model: 0.01s
2022-10-12 03:01:48.146 | DEBUG    | hcaptcha_challenger.core:log:321 - >> Challenge [ArmorCaptcha] èŽ·å–å“åº” - desc=é€€ç«æˆåŠŸ(success)
2022-10-12 03:01:48.709 | DEBUG    | services.bricklayer.core:load_ctx_cookies:1157 - >> LOAD [CookieManager] Load context cookie.
2022-10-12 03:01:49.470 | INFO     | services.deploy:promotions_splitter:294 - >> GET [GameClaimer] ðŸŽ® å·²åœ¨åº“ - game=ã€ŽRising Hellã€ url=https://store.epicgames.com/zh-CN/p/rising-hell-253707
2022-10-12 03:01:49.471 | INFO     | services.deploy:promotions_splitter:294 - >> GET [GameClaimer] ðŸŽ® å·²åœ¨åº“ - game=ã€ŽSlain: Back From Hellã€ url=https://store.epicgames.com/zh-CN/p/slain-aea303
2022-10-14 05:43:27.451 | INFO     | services.deploy:job_loop_claim:126 - >> STARTUP [AwesomeScheduler] SynergyTunnel Pattern: True
2022-10-14 05:43:27.516 | DEBUG    | services.bricklayer.core:load_ctx_cookies:1157 - >> LOAD [CookieManager] Load context cookie.
2022-10-14 05:43:27.731 | SUCCESS  | services.bricklayer.core:refresh_ctx_cookies:1221 - >> MATCH [__Context__] ðŸŽ® å¯åŠ¨æŒ‘æˆ˜è€…ä¸Šä¸‹æ–‡ - ctx_session=False
2022-10-14 05:43:28.204 | INFO     | services.utils.toolbox:get_challenge_ctx:127 - Please use `xvfb` to empower the headful Chrome.
2022-10-14 05:43:28.205 | INFO     | services.utils.toolbox:get_challenge_ctx:128 - CMD: xvfb-run python3 main.py claim
2022-10-14 05:43:54.837 | DEBUG    | services.bricklayer.core:login:909 - >> MATCH [CookieManager] å®žä½“ä¿¡æ¯æ³¨å…¥å®Œæ¯•
2022-10-14 05:43:54.934 | DEBUG    | services.bricklayer.core:fall_in_captcha_login:63 - >> ARMOR [ArmorUtils] æ­£åœ¨æ£€æµ‹éšè—åœ¨ç™»å½•ç•Œé¢çš„äººæœºæŒ‘æˆ˜...
2022-10-14 05:43:57.104 | DEBUG    | hcaptcha_challenger.core:log:322 - >> Challenge [ArmorCaptcha] Get label - label=ã€Œä¼é¹…ã€
2022-10-14 05:43:57.800 | DEBUG    | hcaptcha_challenger.core:log:322 - >> Challenge [ArmorCaptcha] Download challenge images - timeit=0.14s
2022-10-14 05:43:57.802 | DEBUG    | hcaptcha_challenger._solutions.kernel:_request_asset:307 - Downloading penguin.onnx from https://github.com/QIN2DIM/hcaptcha-challenger/releases/download/model/penguin.onnx
2022-10-14 05:43:59.494 | DEBUG    | hcaptcha_challenger.core:log:322 - >> Challenge [ArmorCaptcha] Submit the challenge - penguin(ResNet)_model: 0.39s
2022-10-14 05:44:03.571 | DEBUG    | hcaptcha_challenger.core:log:322 - >> Challenge [ArmorCaptcha] èŽ·å–å“åº” - desc=ç»§ç»­æŒ‘æˆ˜(continue)
2022-10-14 05:44:03.603 | DEBUG    | hcaptcha_challenger.core:log:322 - >> Challenge [ArmorCaptcha] Get label - label=ã€Œä¼é¹…ã€
2022-10-14 05:44:04.236 | DEBUG    | hcaptcha_challenger.core:log:322 - >> Challenge [ArmorCaptcha] Download challenge images - timeit=0.09s
2022-10-14 05:44:05.823 | DEBUG    | hcaptcha_challenger.core:log:322 - >> Challenge [ArmorCaptcha] Submit the challenge - penguin(ResNet)_model: 0.01s
2022-10-14 05:44:12.798 | DEBUG    | hcaptcha_challenger.core:log:322 - >> Challenge [ArmorCaptcha] èŽ·å–å“åº” - desc=é€€ç«æˆåŠŸ(success)
2022-10-14 05:44:13.365 | DEBUG    | services.bricklayer.core:load_ctx_cookies:1157 - >> LOAD [CookieManager] Load context cookie.
2022-10-14 05:44:13.830 | DEBUG    | services.deploy:promotions_splitter:307 - >> STARTUP [GameClaimer] ðŸœ å‘çŽ°å‘¨å…æ¸¸æˆ - game=ã€ŽToeJam & Earl: Back in the Groove!ã€ url=https://store.epicgames.com/zh-CN/p/toejam-and-earl-back-in-the-groove-cddc16
2022-10-14 05:44:13.830 | DEBUG    | services.deploy:promotions_splitter:307 - >> STARTUP [GameClaimer] ðŸœ å‘çŽ°å‘¨å…æ¸¸æˆ - game=ã€ŽDarkwoodã€ url=https://store.epicgames.com/zh-CN/p/darkwood-fa73bd
2022-10-14 05:44:13.831 | DEBUG    | services.bricklayer.game:cart_balancing:80 - >> REMOVE [GameClaimer] å°†è´­ç‰©è½¦å•†å“ç§»è‡³æ„¿æœ›æ¸…å•
2022-10-14 05:44:27.417 | SUCCESS  | services.bricklayer.core:purchase_status:530 - >> GET [GameClaimer] ðŸ›’ æ·»åŠ è‡³è´­ç‰©è½¦ ä¼˜æƒ æˆªæ­¢äºŽ2022/10/20 10:00 - game=ã€ŽToeJam & Earl: Back in the Groove!ã€
2022-10-14 05:44:27.535 | DEBUG    | services.bricklayer.core:_activate_payment:735 - [ðŸ”–] èµ„æºè®¢å•åŠ è½½å®Œæ¯• - mode=add
2022-10-14 05:44:36.828 | SUCCESS  | services.bricklayer.core:purchase_status:530 - >> GET [GameClaimer] ðŸ›’ æ·»åŠ è‡³è´­ç‰©è½¦ ä¼˜æƒ æˆªæ­¢äºŽ2022/10/20 10:00 - game=ã€ŽDarkwoodã€
2022-10-14 05:44:36.922 | DEBUG    | services.bricklayer.core:_activate_payment:735 - [ðŸ”–] èµ„æºè®¢å•åŠ è½½å®Œæ¯• - mode=add
2022-10-14 05:44:37.261 | DEBUG    | services.bricklayer.game:empty_shopping_payment:98 - [ðŸ›µ] é‡è½½èº«ä»½ä»¤ç‰Œ
2022-10-14 05:44:40.869 | DEBUG    | services.bricklayer.game:empty_shopping_payment:107 - [ðŸ›µ] å®¡æŸ¥è´­ç‰©è½¦çŠ¶æ€
2022-10-14 05:44:41.396 | DEBUG    | services.bricklayer.core:_activate_payment:735 - [ðŸ”–] èµ„æºè®¢å•åŠ è½½å®Œæ¯• - mode=ä¸‹å•
2022-10-14 05:44:44.828 | DEBUG    | services.bricklayer.game:empty_shopping_payment:131 - [ðŸ›µ] å¤„ç†è´­ç‰©è®¢å•...
2022-10-14 05:44:44.853 | DEBUG    | services.bricklayer.core:cart_handle_payment:975 - [ðŸŒ€] åˆ‡æ¢è‡³å†…è”è®¢å•æ¡†æž¶
2022-10-14 05:44:44.854 | DEBUG    | services.bricklayer.core:cart_handle_payment:981 - [âš”] æ¿€æ´»äººæœºæŒ‘æˆ˜...
2022-10-14 05:45:04.444 | DEBUG    | services.bricklayer.core:cart_handle_payment:992 - [âš”] æ•èŽ·éšè—åœ¨è®¢å•ä¸­çš„äººæœºæŒ‘æˆ˜...
2022-10-14 05:45:04.521 | DEBUG    | hcaptcha_challenger.core:log:322 - >> Challenge [ArmorCaptcha] Get label - label=ã€Œæˆ¿å­ã€
2022-10-14 05:45:05.187 | DEBUG    | hcaptcha_challenger.core:log:322 - >> Challenge [ArmorCaptcha] Download challenge images - timeit=0.11s
2022-10-14 05:45:05.189 | DEBUG    | hcaptcha_challenger._solutions.kernel:_request_asset:307 - Downloading house.onnx from https://github.com/QIN2DIM/hcaptcha-challenger/releases/download/model/house.onnx
2022-10-14 05:45:07.297 | DEBUG    | hcaptcha_challenger.core:log:322 - >> Challenge [ArmorCaptcha] Submit the challenge - house(ResNet)_model: 0.34s
2022-10-14 05:45:11.390 | DEBUG    | hcaptcha_challenger.core:log:322 - >> Challenge [ArmorCaptcha] èŽ·å–å“åº” - desc=ç»§ç»­æŒ‘æˆ˜(continue)
2022-10-14 05:45:11.498 | DEBUG    | hcaptcha_challenger.core:log:322 - >> Challenge [ArmorCaptcha] Get label - label=ã€Œæˆ¿å­ã€
2022-10-14 05:45:12.152 | DEBUG    | hcaptcha_challenger.core:log:322 - >> Challenge [ArmorCaptcha] Download challenge images - timeit=0.09s
2022-10-14 05:45:13.336 | DEBUG    | hcaptcha_challenger.core:log:322 - >> Challenge [ArmorCaptcha] Submit the challenge - house(ResNet)_model: 0.01s
2022-10-14 05:45:18.617 | DEBUG    | hcaptcha_challenger.core:log:322 - >> Challenge [ArmorCaptcha] èŽ·å–å“åº” - desc=é€€ç«æˆåŠŸ(success)
2022-10-14 05:45:18.835 | DEBUG    | services.bricklayer.core:cart_handle_payment:996 - [ðŸŒ€] å¼¹å‡ºå†…è”è®¢å•æ¡†æž¶...
2022-10-14 05:45:25.184 | DEBUG    | services.bricklayer.game:empty_shopping_payment:98 - [ðŸ›µ] é‡è½½èº«ä»½ä»¤ç‰Œ
2022-10-14 05:45:28.802 | DEBUG    | services.bricklayer.game:empty_shopping_payment:107 - [ðŸ›µ] å®¡æŸ¥è´­ç‰©è½¦çŠ¶æ€
2022-10-14 05:45:33.960 | SUCCESS  | services.bricklayer.game:empty_shopping_payment:117 - >> ADVANCE [GameClaimer] âœ” è´­ç‰©è½¦å·²æ¸…ç©º
